<?xml version="1.0" encoding="UTF-8"?>
<!-- Generated by org.testng.reporters.JUnitReportReporter -->
<testsuite hostname="Cesars-iMac.lan1" failures="0" tests="1" name="com.class1.DifferentAnnotations" time="0.004" errors="0" timestamp="2020-01-11T11:22:03 PST" skipped="0">
  <testcase classname="com.class1.DifferentAnnotations" name="test" time="0.004"/>
</testsuite> <!-- com.class1.DifferentAnnotations -->
