<?xml version="1.0" encoding="UTF-8"?>
<!-- Generated by org.testng.reporters.JUnitReportReporter -->
<testsuite hostname="Cesars-iMac.lan1" failures="0" tests="5" name="com.practice1.SoftAssert_HomePage" time="0.143" errors="0" timestamp="2020-01-14T15:33:54 PST" skipped="0">
  <testcase classname="com.practice1.SoftAssert_HomePage" name="loginHeader" time="0.021"/>
  <testcase classname="com.practice1.SoftAssert_HomePage" name="passwordEnabled" time="0.018"/>
  <testcase classname="com.practice1.SoftAssert_HomePage" name="usernameEnabled" time="0.017"/>
  <testcase classname="com.practice1.SoftAssert_HomePage" name="loginClick" time="0.041"/>
  <testcase classname="com.practice1.SoftAssert_HomePage" name="hpLogo" time="0.046"/>
</testsuite> <!-- com.practice1.SoftAssert_HomePage -->
