<?xml version="1.0" encoding="UTF-8"?>
<!-- Generated by org.testng.reporters.JUnitReportReporter -->
<testsuite hostname="Cesars-iMac.lan1" failures="0" tests="3" name="com.class1.TestOne" time="0.009" errors="0" timestamp="2020-01-11T11:14:01 PST" skipped="0">
  <testcase classname="com.class1.TestOne" name="testOne" time="0.007"/>
  <testcase classname="com.class1.TestOne" name="testTwo" time="0.001"/>
  <testcase classname="com.class1.TestOne" name="testThree" time="0.001"/>
</testsuite> <!-- com.class1.TestOne -->
