<?xml version="1.0" encoding="UTF-8"?>
<!-- Generated by org.testng.reporters.JUnitReportReporter -->
<testsuite hostname="Cesars-iMac.lan1" failures="0" tests="1" name="com.class1.TestNG_hw1" time="1.760" errors="0" timestamp="2020-01-11T21:49:23 PST" skipped="0">
  <testcase classname="com.class1.TestNG_hw1" name="logoDisplay" time="1.760"/>
</testsuite> <!-- com.class1.TestNG_hw1 -->
