<?xml version="1.0" encoding="UTF-8"?>
<!-- Generated by org.testng.reporters.JUnitReportReporter -->
<testsuite hostname="Cesars-iMac.lan1" failures="0" tests="1" name="com.class2.AssertionTask_02" time="5.918" errors="0" timestamp="2020-01-14T15:33:54 PST" skipped="0">
  <testcase classname="com.class2.AssertionTask_02" name="addEmployee" time="5.918"/>
</testsuite> <!-- com.class2.AssertionTask_02 -->
