<?xml version="1.0" encoding="UTF-8"?>
<!-- Generated by org.testng.reporters.JUnitReportReporter -->
<testsuite hostname="Cesars-iMac.lan1" failures="0" tests="2" name="com.practice1.SoftAssert_MainPage" time="0.076" errors="0" timestamp="2020-01-14T15:33:54 PST" skipped="0">
  <testcase classname="com.practice1.SoftAssert_MainPage" name="welcomeAdmin" time="0.049"/>
  <testcase classname="com.practice1.SoftAssert_MainPage" name="syntaxLogo" time="0.027"/>
</testsuite> <!-- com.practice1.SoftAssert_MainPage -->
