<?xml version="1.0" encoding="UTF-8"?>
<!-- Generated by org.testng.reporters.JUnitReportReporter -->
<testsuite hostname="Cesars-iMac.lan1" failures="0" tests="2" name="com.class1.Task_01" time="0.005" errors="0" timestamp="2020-01-11T21:27:52 PST" skipped="0">
  <testcase classname="com.class1.Task_01" name="test1" time="0.004"/>
  <testcase classname="com.class1.Task_01" name="test2" time="0.001"/>
</testsuite> <!-- com.class1.Task_01 -->
