<?xml version="1.0" encoding="UTF-8"?>
<!-- Generated by org.testng.reporters.JUnitReportReporter -->
<testsuite hostname="Cesars-iMac.lan1" failures="0" tests="1" name="com.practice1.SoftAssert_01" time="2.039" errors="0" timestamp="2020-01-14T14:25:20 PST" skipped="0">
  <testcase classname="com.practice1.SoftAssert_01" name="hpLogo" time="2.039"/>
</testsuite> <!-- com.practice1.SoftAssert_01 -->
