<?xml version="1.0" encoding="UTF-8"?>
<!-- Generated by org.testng.reporters.JUnitReportReporter -->
<testsuite hostname="Cesars-iMac.lan1" failures="0" tests="1" name="com.class3.AlwaysRun_01" time="0.010" errors="0" timestamp="2020-01-15T11:38:11 PST" skipped="0">
  <testcase classname="com.class3.AlwaysRun_01" name="testMethod" time="0.010"/>
</testsuite> <!-- com.class3.AlwaysRun_01 -->
