<?xml version="1.0" encoding="UTF-8"?>
<!-- Generated by org.testng.reporters.JUnitReportReporter -->
<testsuite hostname="Cesars-iMac.lan1" failures="0" tests="1" name="com.class1.TestNG_hw2" time="0.180" errors="0" timestamp="2020-01-11T22:14:22 PST" skipped="0">
  <testcase classname="com.class1.TestNG_hw2" name="LoginMessg" time="0.180"/>
</testsuite> <!-- com.class1.TestNG_hw2 -->
