<?xml version="1.0" encoding="UTF-8"?>
<!-- Generated by org.testng.reporters.JUnitReportReporter -->
<testsuite hostname="Cesars-iMac.lan1" failures="0" tests="5" name="com.class3.AddEmployee_HW" time="58.895" errors="0" timestamp="2020-01-15T11:38:11 PST" skipped="0">
  <testcase classname="com.class3.AddEmployee_HW" name="addEmployee" time="10.782"/>
  <testcase classname="com.class3.AddEmployee_HW" name="addEmployee" time="11.774"/>
  <testcase classname="com.class3.AddEmployee_HW" name="addEmployee" time="12.014"/>
  <testcase classname="com.class3.AddEmployee_HW" name="addEmployee" time="12.808"/>
  <testcase classname="com.class3.AddEmployee_HW" name="addEmployee" time="11.517"/>
</testsuite> <!-- com.class3.AddEmployee_HW -->
