<?xml version="1.0" encoding="UTF-8"?>
<!-- Generated by org.testng.reporters.JUnitReportReporter -->
<testsuite hostname="Cesars-iMac.lan1" failures="0" tests="3" name="com.hrms.testcases.addEmpExlDataProvider" time="27.052" errors="0" timestamp="2020-01-25T10:35:38 PST" skipped="3">
  <testcase classname="com.hrms.testcases.addEmpExlDataProvider" name="addMultipleEmployees" time="12.248">
    <skipped/>
  </testcase> <!-- addMultipleEmployees -->
  <testcase classname="com.hrms.testcases.addEmpExlDataProvider" name="addMultipleEmployees" time="8.623">
    <skipped/>
  </testcase> <!-- addMultipleEmployees -->
  <testcase classname="com.hrms.testcases.addEmpExlDataProvider" name="addMultipleEmployees" time="6.181">
    <skipped/>
  </testcase> <!-- addMultipleEmployees -->
</testsuite> <!-- com.hrms.testcases.addEmpExlDataProvider -->
