<?xml version="1.0" encoding="UTF-8"?>
<!-- Generated by org.testng.reporters.JUnitReportReporter -->
<testsuite hostname="Cesars-iMac.lan1" failures="0" tests="1" name="com.hrms.testcases.LoginPageTest" time="4.465" errors="0" timestamp="2020-01-25T09:29:51 PST" skipped="1">
  <testcase classname="com.hrms.testcases.LoginPageTest" name="login" time="4.465">
    <skipped/>
  </testcase> <!-- login -->
</testsuite> <!-- com.hrms.testcases.LoginPageTest -->
