<?xml version="1.0" encoding="UTF-8"?>
<!-- Generated by org.testng.reporters.JUnitReportReporter -->
<testsuite hostname="Cesars-iMac.lan1" failures="0" tests="1" name="com.practice.moneycontrolPractice" time="2.561" errors="0" timestamp="2020-01-23T14:37:16 PST" skipped="0">
  <testcase classname="com.practice.moneycontrolPractice" name="calculations" time="2.561"/>
</testsuite> <!-- com.practice.moneycontrolPractice -->
