<?xml version="1.0" encoding="UTF-8"?>
<!-- Generated by org.testng.reporters.JUnitReportReporter -->
<testsuite hostname="Cesars-iMac.lan1" failures="0" tests="1" name="com.hrms.testcases.AddEmployeePageTest" time="3.876" errors="0" timestamp="2020-01-25T09:29:51 PST" skipped="1">
  <testcase classname="com.hrms.testcases.AddEmployeePageTest" name="addEmployee" time="3.876">
    <skipped/>
  </testcase> <!-- addEmployee -->
</testsuite> <!-- com.hrms.testcases.AddEmployeePageTest -->
